Loading config configs/COCO-Detection/../Base-RetinaNet.yaml with yaml.unsafe_load. Your machine may be at risk if the file contains malicious content.
[08/25 17:02:20 detectron2]: Parameter Count:
| name                                      | #elements or shape    |
|:------------------------------------------|:----------------------|
| model                                     | 56.9M                 |
|  backbone                                 |  50.4M                |
|   backbone.fpn_lateral3                   |   0.1M                |
|    backbone.fpn_lateral3.weight           |    (256, 512, 1, 1)   |
|    backbone.fpn_lateral3.bias             |    (256,)             |
|   backbone.fpn_output3                    |   0.6M                |
|    backbone.fpn_output3.weight            |    (256, 256, 3, 3)   |
|    backbone.fpn_output3.bias              |    (256,)             |
|   backbone.fpn_lateral4                   |   0.3M                |
|    backbone.fpn_lateral4.weight           |    (256, 1024, 1, 1)  |
|    backbone.fpn_lateral4.bias             |    (256,)             |
|   backbone.fpn_output4                    |   0.6M                |
|    backbone.fpn_output4.weight            |    (256, 256, 3, 3)   |
|    backbone.fpn_output4.bias              |    (256,)             |
|   backbone.fpn_lateral5                   |   0.5M                |
|    backbone.fpn_lateral5.weight           |    (256, 2048, 1, 1)  |
|    backbone.fpn_lateral5.bias             |    (256,)             |
|   backbone.fpn_output5                    |   0.6M                |
|    backbone.fpn_output5.weight            |    (256, 256, 3, 3)   |
|    backbone.fpn_output5.bias              |    (256,)             |
|   backbone.top_block                      |   5.3M                |
|    backbone.top_block.p6                  |    4.7M               |
|     backbone.top_block.p6.weight          |     (256, 2048, 3, 3) |
|     backbone.top_block.p6.bias            |     (256,)            |
|    backbone.top_block.p7                  |    0.6M               |
|     backbone.top_block.p7.weight          |     (256, 256, 3, 3)  |
|     backbone.top_block.p7.bias            |     (256,)            |
|   backbone.bottom_up                      |   42.4M               |
|    backbone.bottom_up.stem                |    9.4K               |
|     backbone.bottom_up.stem.conv1         |     9.4K              |
|      backbone.bottom_up.stem.conv1.weight |      (64, 3, 7, 7)    |
|    backbone.bottom_up.res2                |    0.2M               |
|     backbone.bottom_up.res2.0             |     73.7K             |
|      backbone.bottom_up.res2.0.shortcut   |      16.4K            |
|      backbone.bottom_up.res2.0.conv1      |      4.1K             |
|      backbone.bottom_up.res2.0.conv2      |      36.9K            |
|      backbone.bottom_up.res2.0.conv3      |      16.4K            |
|     backbone.bottom_up.res2.1             |     69.6K             |
|      backbone.bottom_up.res2.1.conv1      |      16.4K            |
|      backbone.bottom_up.res2.1.conv2      |      36.9K            |
|      backbone.bottom_up.res2.1.conv3      |      16.4K            |
|     backbone.bottom_up.res2.2             |     69.6K             |
|      backbone.bottom_up.res2.2.conv1      |      16.4K            |
|      backbone.bottom_up.res2.2.conv2      |      36.9K            |
|      backbone.bottom_up.res2.2.conv3      |      16.4K            |
|    backbone.bottom_up.res3                |    1.2M               |
|     backbone.bottom_up.res3.0             |     0.4M              |
|      backbone.bottom_up.res3.0.shortcut   |      0.1M             |
|      backbone.bottom_up.res3.0.conv1      |      32.8K            |
|      backbone.bottom_up.res3.0.conv2      |      0.1M             |
|      backbone.bottom_up.res3.0.conv3      |      65.5K            |
|     backbone.bottom_up.res3.1             |     0.3M              |
|      backbone.bottom_up.res3.1.conv1      |      65.5K            |
|      backbone.bottom_up.res3.1.conv2      |      0.1M             |
|      backbone.bottom_up.res3.1.conv3      |      65.5K            |
|     backbone.bottom_up.res3.2             |     0.3M              |
|      backbone.bottom_up.res3.2.conv1      |      65.5K            |
|      backbone.bottom_up.res3.2.conv2      |      0.1M             |
|      backbone.bottom_up.res3.2.conv3      |      65.5K            |
|     backbone.bottom_up.res3.3             |     0.3M              |
|      backbone.bottom_up.res3.3.conv1      |      65.5K            |
|      backbone.bottom_up.res3.3.conv2      |      0.1M             |
|      backbone.bottom_up.res3.3.conv3      |      65.5K            |
|    backbone.bottom_up.res4                |    26.0M              |
|     backbone.bottom_up.res4.0             |     1.5M              |
|      backbone.bottom_up.res4.0.shortcut   |      0.5M             |
|      backbone.bottom_up.res4.0.conv1      |      0.1M             |
|      backbone.bottom_up.res4.0.conv2      |      0.6M             |
|      backbone.bottom_up.res4.0.conv3      |      0.3M             |
|     backbone.bottom_up.res4.1             |     1.1M              |
|      backbone.bottom_up.res4.1.conv1      |      0.3M             |
|      backbone.bottom_up.res4.1.conv2      |      0.6M             |
|      backbone.bottom_up.res4.1.conv3      |      0.3M             |
|     backbone.bottom_up.res4.2             |     1.1M              |
|      backbone.bottom_up.res4.2.conv1      |      0.3M             |
|      backbone.bottom_up.res4.2.conv2      |      0.6M             |
|      backbone.bottom_up.res4.2.conv3      |      0.3M             |
|     backbone.bottom_up.res4.3             |     1.1M              |
|      backbone.bottom_up.res4.3.conv1      |      0.3M             |
|      backbone.bottom_up.res4.3.conv2      |      0.6M             |
|      backbone.bottom_up.res4.3.conv3      |      0.3M             |
|     backbone.bottom_up.res4.4             |     1.1M              |
|      backbone.bottom_up.res4.4.conv1      |      0.3M             |
|      backbone.bottom_up.res4.4.conv2      |      0.6M             |
|      backbone.bottom_up.res4.4.conv3      |      0.3M             |
|     backbone.bottom_up.res4.5             |     1.1M              |
|      backbone.bottom_up.res4.5.conv1      |      0.3M             |
|      backbone.bottom_up.res4.5.conv2      |      0.6M             |
|      backbone.bottom_up.res4.5.conv3      |      0.3M             |
|     backbone.bottom_up.res4.6             |     1.1M              |
|      backbone.bottom_up.res4.6.conv1      |      0.3M             |
|      backbone.bottom_up.res4.6.conv2      |      0.6M             |
|      backbone.bottom_up.res4.6.conv3      |      0.3M             |
|     backbone.bottom_up.res4.7             |     1.1M              |
|      backbone.bottom_up.res4.7.conv1      |      0.3M             |
|      backbone.bottom_up.res4.7.conv2      |      0.6M             |
|      backbone.bottom_up.res4.7.conv3      |      0.3M             |
|     backbone.bottom_up.res4.8             |     1.1M              |
|      backbone.bottom_up.res4.8.conv1      |      0.3M             |
|      backbone.bottom_up.res4.8.conv2      |      0.6M             |
|      backbone.bottom_up.res4.8.conv3      |      0.3M             |
|     backbone.bottom_up.res4.9             |     1.1M              |
|      backbone.bottom_up.res4.9.conv1      |      0.3M             |
|      backbone.bottom_up.res4.9.conv2      |      0.6M             |
|      backbone.bottom_up.res4.9.conv3      |      0.3M             |
|     backbone.bottom_up.res4.10            |     1.1M              |
|      backbone.bottom_up.res4.10.conv1     |      0.3M             |
|      backbone.bottom_up.res4.10.conv2     |      0.6M             |
|      backbone.bottom_up.res4.10.conv3     |      0.3M             |
|     backbone.bottom_up.res4.11            |     1.1M              |
|      backbone.bottom_up.res4.11.conv1     |      0.3M             |
|      backbone.bottom_up.res4.11.conv2     |      0.6M             |
|      backbone.bottom_up.res4.11.conv3     |      0.3M             |
|     backbone.bottom_up.res4.12            |     1.1M              |
|      backbone.bottom_up.res4.12.conv1     |      0.3M             |
|      backbone.bottom_up.res4.12.conv2     |      0.6M             |
|      backbone.bottom_up.res4.12.conv3     |      0.3M             |
|     backbone.bottom_up.res4.13            |     1.1M              |
|      backbone.bottom_up.res4.13.conv1     |      0.3M             |
|      backbone.bottom_up.res4.13.conv2     |      0.6M             |
|      backbone.bottom_up.res4.13.conv3     |      0.3M             |
|     backbone.bottom_up.res4.14            |     1.1M              |
|      backbone.bottom_up.res4.14.conv1     |      0.3M             |
|      backbone.bottom_up.res4.14.conv2     |      0.6M             |
|      backbone.bottom_up.res4.14.conv3     |      0.3M             |
|     backbone.bottom_up.res4.15            |     1.1M              |
|      backbone.bottom_up.res4.15.conv1     |      0.3M             |
|      backbone.bottom_up.res4.15.conv2     |      0.6M             |
|      backbone.bottom_up.res4.15.conv3     |      0.3M             |
|     backbone.bottom_up.res4.16            |     1.1M              |
|      backbone.bottom_up.res4.16.conv1     |      0.3M             |
|      backbone.bottom_up.res4.16.conv2     |      0.6M             |
|      backbone.bottom_up.res4.16.conv3     |      0.3M             |
|     backbone.bottom_up.res4.17            |     1.1M              |
|      backbone.bottom_up.res4.17.conv1     |      0.3M             |
|      backbone.bottom_up.res4.17.conv2     |      0.6M             |
|      backbone.bottom_up.res4.17.conv3     |      0.3M             |
|     backbone.bottom_up.res4.18            |     1.1M              |
|      backbone.bottom_up.res4.18.conv1     |      0.3M             |
|      backbone.bottom_up.res4.18.conv2     |      0.6M             |
|      backbone.bottom_up.res4.18.conv3     |      0.3M             |
|     backbone.bottom_up.res4.19            |     1.1M              |
|      backbone.bottom_up.res4.19.conv1     |      0.3M             |
|      backbone.bottom_up.res4.19.conv2     |      0.6M             |
|      backbone.bottom_up.res4.19.conv3     |      0.3M             |
|     backbone.bottom_up.res4.20            |     1.1M              |
|      backbone.bottom_up.res4.20.conv1     |      0.3M             |
|      backbone.bottom_up.res4.20.conv2     |      0.6M             |
|      backbone.bottom_up.res4.20.conv3     |      0.3M             |
|     backbone.bottom_up.res4.21            |     1.1M              |
|      backbone.bottom_up.res4.21.conv1     |      0.3M             |
|      backbone.bottom_up.res4.21.conv2     |      0.6M             |
|      backbone.bottom_up.res4.21.conv3     |      0.3M             |
|     backbone.bottom_up.res4.22            |     1.1M              |
|      backbone.bottom_up.res4.22.conv1     |      0.3M             |
|      backbone.bottom_up.res4.22.conv2     |      0.6M             |
|      backbone.bottom_up.res4.22.conv3     |      0.3M             |
|    backbone.bottom_up.res5                |    14.9M              |
|     backbone.bottom_up.res5.0             |     6.0M              |
|      backbone.bottom_up.res5.0.shortcut   |      2.1M             |
|      backbone.bottom_up.res5.0.conv1      |      0.5M             |
|      backbone.bottom_up.res5.0.conv2      |      2.4M             |
|      backbone.bottom_up.res5.0.conv3      |      1.0M             |
|     backbone.bottom_up.res5.1             |     4.5M              |
|      backbone.bottom_up.res5.1.conv1      |      1.0M             |
|      backbone.bottom_up.res5.1.conv2      |      2.4M             |
|      backbone.bottom_up.res5.1.conv3      |      1.0M             |
|     backbone.bottom_up.res5.2             |     4.5M              |
|      backbone.bottom_up.res5.2.conv1      |      1.0M             |
|      backbone.bottom_up.res5.2.conv2      |      2.4M             |
|      backbone.bottom_up.res5.2.conv3      |      1.0M             |
|  head                                     |  6.5M                 |
|   head.cls_subnet                         |   2.4M                |
|    head.cls_subnet.0                      |    0.6M               |
|     head.cls_subnet.0.weight              |     (256, 256, 3, 3)  |
|     head.cls_subnet.0.bias                |     (256,)            |
|    head.cls_subnet.2                      |    0.6M               |
|     head.cls_subnet.2.weight              |     (256, 256, 3, 3)  |
|     head.cls_subnet.2.bias                |     (256,)            |
|    head.cls_subnet.4                      |    0.6M               |
|     head.cls_subnet.4.weight              |     (256, 256, 3, 3)  |
|     head.cls_subnet.4.bias                |     (256,)            |
|    head.cls_subnet.6                      |    0.6M               |
|     head.cls_subnet.6.weight              |     (256, 256, 3, 3)  |
|     head.cls_subnet.6.bias                |     (256,)            |
|   head.bbox_subnet                        |   2.4M                |
|    head.bbox_subnet.0                     |    0.6M               |
|     head.bbox_subnet.0.weight             |     (256, 256, 3, 3)  |
|     head.bbox_subnet.0.bias               |     (256,)            |
|    head.bbox_subnet.2                     |    0.6M               |
|     head.bbox_subnet.2.weight             |     (256, 256, 3, 3)  |
|     head.bbox_subnet.2.bias               |     (256,)            |
|    head.bbox_subnet.4                     |    0.6M               |
|     head.bbox_subnet.4.weight             |     (256, 256, 3, 3)  |
|     head.bbox_subnet.4.bias               |     (256,)            |
|    head.bbox_subnet.6                     |    0.6M               |
|     head.bbox_subnet.6.weight             |     (256, 256, 3, 3)  |
|     head.bbox_subnet.6.bias               |     (256,)            |
|   head.cls_score                          |   1.7M                |
|    head.cls_score.weight                  |    (720, 256, 3, 3)   |
|    head.cls_score.bias                    |    (720,)             |
|   head.bbox_pred                          |   83.0K               |
|    head.bbox_pred.weight                  |    (36, 256, 3, 3)    |
|    head.bbox_pred.bias                    |    (36,)              |
